2026-04-02 17:02:26.041 [main] INFO  [cid:none] c.m.a.AuthserviceApplication - Starting AuthserviceApplication v0.0.1-SNAPSHOT using Java 25.0.2 with PID 1 (/app/app.jar started by root in /app)
2026-04-02 17:02:26.049 [main] INFO  [cid:none] c.m.a.AuthserviceApplication - The following 1 profile is active: "postgres"
2026-04-02 17:02:26.103 [main] INFO  [cid:none] c.m.a.AuthserviceApplication - Starting AuthserviceApplication v0.0.1-SNAPSHOT using Java 25.0.2 with PID 1 (/app/app.jar started by root in /app)
2026-04-02 17:02:26.110 [main] INFO  [cid:none] c.m.a.AuthserviceApplication - The following 1 profile is active: "postgres"
2026-04-02 17:02:27.283 [background-preinit] INFO  [cid:none] o.h.validator.internal.util.Version - HV000001: Hibernate Validator 9.0.1.Final
2026-04-02 17:02:27.303 [background-preinit] INFO  [cid:none] o.h.validator.internal.util.Version - HV000001: Hibernate Validator 9.0.1.Final
2026-04-02 17:02:29.580 [main] INFO  [cid:none] o.s.d.r.c.RepositoryConfigurationDelegate - Bootstrapping Spring Data JPA repositories in DEFAULT mode.
2026-04-02 17:02:29.648 [main] INFO  [cid:none] o.s.d.r.c.RepositoryConfigurationDelegate - Bootstrapping Spring Data JPA repositories in DEFAULT mode.
2026-04-02 17:02:29.690 [main] INFO  [cid:none] o.s.d.r.c.RepositoryConfigurationDelegate - Finished Spring Data repository scanning in 88 ms. Found 2 JPA repository interfaces.
2026-04-02 17:02:29.774 [main] INFO  [cid:none] o.s.d.r.c.RepositoryConfigurationDelegate - Finished Spring Data repository scanning in 105 ms. Found 2 JPA repository interfaces.
2026-04-02 17:02:31.588 [main] INFO  [cid:none] o.s.boot.tomcat.TomcatWebServer - Tomcat initialized with port 8080 (http)
2026-04-02 17:02:31.623 [main] INFO  [cid:none] o.a.coyote.http11.Http11NioProtocol - Initializing ProtocolHandler ["http-nio-8080"]
2026-04-02 17:02:31.630 [main] INFO  [cid:none] o.a.catalina.core.StandardService - Starting service [Tomcat]
2026-04-02 17:02:31.632 [main] INFO  [cid:none] o.a.catalina.core.StandardEngine - Starting Servlet engine: [Apache Tomcat/11.0.20]
2026-04-02 17:02:31.748 [main] INFO  [cid:none] o.s.b.w.c.s.WebApplicationContextInitializer - Root WebApplicationContext: initialization completed in 5565 ms
2026-04-02 17:02:31.850 [main] INFO  [cid:none] o.s.boot.tomcat.TomcatWebServer - Tomcat initialized with port 8080 (http)
2026-04-02 17:02:31.886 [main] INFO  [cid:none] o.a.coyote.http11.Http11NioProtocol - Initializing ProtocolHandler ["http-nio-8080"]
2026-04-02 17:02:31.891 [main] INFO  [cid:none] o.a.catalina.core.StandardService - Starting service [Tomcat]
2026-04-02 17:02:31.892 [main] INFO  [cid:none] o.a.catalina.core.StandardEngine - Starting Servlet engine: [Apache Tomcat/11.0.20]
2026-04-02 17:02:31.973 [main] INFO  [cid:none] o.s.b.w.c.s.WebApplicationContextInitializer - Root WebApplicationContext: initialization completed in 5694 ms
2026-04-02 17:02:33.128 [main] INFO  [cid:none] org.hibernate.orm.jpa - HHH008540: Processing PersistenceUnitInfo [name: default]
2026-04-02 17:02:33.199 [main] INFO  [cid:none] org.hibernate.orm.jpa - HHH008540: Processing PersistenceUnitInfo [name: default]
2026-04-02 17:02:33.280 [main] INFO  [cid:none] org.hibernate.orm.core - HHH000001: Hibernate ORM core version 7.2.7.Final
2026-04-02 17:02:33.352 [main] INFO  [cid:none] org.hibernate.orm.core - HHH000001: Hibernate ORM core version 7.2.7.Final
2026-04-02 17:02:34.421 [main] INFO  [cid:none] o.s.o.j.p.SpringPersistenceUnitInfo - No LoadTimeWeaver setup: ignoring JPA class transformer
2026-04-02 17:02:34.457 [main] INFO  [cid:none] o.s.o.j.p.SpringPersistenceUnitInfo - No LoadTimeWeaver setup: ignoring JPA class transformer
2026-04-02 17:02:34.473 [main] INFO  [cid:none] com.zaxxer.hikari.HikariDataSource - HikariPool-1 - Starting...
2026-04-02 17:02:34.515 [main] INFO  [cid:none] com.zaxxer.hikari.HikariDataSource - HikariPool-1 - Starting...
2026-04-02 17:02:34.801 [main] INFO  [cid:none] com.zaxxer.hikari.pool.HikariPool - HikariPool-1 - Added connection org.postgresql.jdbc.PgConnection@3b0c38f2
2026-04-02 17:02:34.807 [main] INFO  [cid:none] com.zaxxer.hikari.HikariDataSource - HikariPool-1 - Start completed.
2026-04-02 17:02:34.923 [main] INFO  [cid:none] com.zaxxer.hikari.pool.HikariPool - HikariPool-1 - Added connection org.postgresql.jdbc.PgConnection@3b0c38f2
2026-04-02 17:02:34.929 [main] INFO  [cid:none] com.zaxxer.hikari.HikariDataSource - HikariPool-1 - Start completed.
2026-04-02 17:02:35.016 [main] INFO  [cid:none] o.hibernate.orm.connections.pooling - HHH10001005: Database info:
	Database JDBC URL [jdbc:postgresql://postgres:5432/authservice_db]
	Database driver: PostgreSQL JDBC Driver
	Database dialect: PostgreSQLDialect
	Database version: 15.17
	Default catalog/schema: authservice_db/public
	Autocommit mode: undefined/unknown
	Isolation level: READ_COMMITTED [default READ_COMMITTED]
	JDBC fetch size: none
	Pool: DataSourceConnectionProvider
	Minimum pool size: undefined/unknown
	Maximum pool size: undefined/unknown
2026-04-02 17:02:35.139 [main] INFO  [cid:none] o.hibernate.orm.connections.pooling - HHH10001005: Database info:
	Database JDBC URL [jdbc:postgresql://postgres:5432/authservice_db]
	Database driver: PostgreSQL JDBC Driver
	Database dialect: PostgreSQLDialect
	Database version: 15.17
	Default catalog/schema: authservice_db/public
	Autocommit mode: undefined/unknown
	Isolation level: READ_COMMITTED [default READ_COMMITTED]
	JDBC fetch size: none
	Pool: DataSourceConnectionProvider
	Minimum pool size: undefined/unknown
	Maximum pool size: undefined/unknown
2026-04-02 17:02:36.493 [main] INFO  [cid:none] org.hibernate.orm.core - HHH000489: No JTA platform available (set 'hibernate.transaction.jta.platform' to enable JTA platform integration)
2026-04-02 17:02:36.532 [main] INFO  [cid:none] org.hibernate.orm.core - HHH000489: No JTA platform available (set 'hibernate.transaction.jta.platform' to enable JTA platform integration)
2026-04-02 17:02:36.611 [main] INFO  [cid:none] o.s.o.j.LocalContainerEntityManagerFactoryBean - Initialized JPA EntityManagerFactory for persistence unit 'default'
2026-04-02 17:02:36.622 [main] INFO  [cid:none] o.s.o.j.LocalContainerEntityManagerFactoryBean - Initialized JPA EntityManagerFactory for persistence unit 'default'
2026-04-02 17:02:36.787 [main] INFO  [cid:none] o.s.d.j.r.q.QueryEnhancerFactories - Hibernate is in classpath; If applicable, HQL parser will be used.
2026-04-02 17:02:36.794 [main] INFO  [cid:none] o.s.d.j.r.q.QueryEnhancerFactories - Hibernate is in classpath; If applicable, HQL parser will be used.
2026-04-02 17:02:37.669 [main] WARN  [cid:none] o.s.s.c.a.a.c.InitializeUserDetailsBeanManagerConfigurer$InitializeUserDetailsManagerConfigurer - Global AuthenticationManager configured with an AuthenticationProvider bean. UserDetailsService beans will not be used by Spring Security for automatically configuring username/password login. Consider removing the AuthenticationProvider bean. Alternatively, consider using the UserDetailsService in a manually instantiated DaoAuthenticationProvider. If the current configuration is intentional, to turn off this warning, increase the logging level of 'org.springframework.security.config.annotation.authentication.configuration.InitializeUserDetailsBeanManagerConfigurer' to ERROR
2026-04-02 17:02:37.787 [main] WARN  [cid:none] o.s.s.c.a.a.c.InitializeUserDetailsBeanManagerConfigurer$InitializeUserDetailsManagerConfigurer - Global AuthenticationManager configured with an AuthenticationProvider bean. UserDetailsService beans will not be used by Spring Security for automatically configuring username/password login. Consider removing the AuthenticationProvider bean. Alternatively, consider using the UserDetailsService in a manually instantiated DaoAuthenticationProvider. If the current configuration is intentional, to turn off this warning, increase the logging level of 'org.springframework.security.config.annotation.authentication.configuration.InitializeUserDetailsBeanManagerConfigurer' to ERROR
2026-04-02 17:02:40.560 [main] INFO  [cid:none] o.s.b.a.e.web.EndpointLinksResolver - Exposing 1 endpoint beneath base path '/actuator'
2026-04-02 17:02:40.631 [main] INFO  [cid:none] o.s.b.a.e.web.EndpointLinksResolver - Exposing 1 endpoint beneath base path '/actuator'
2026-04-02 17:02:40.705 [main] INFO  [cid:none] o.a.coyote.http11.Http11NioProtocol - Starting ProtocolHandler ["http-nio-8080"]
2026-04-02 17:02:40.742 [main] INFO  [cid:none] o.s.boot.tomcat.TomcatWebServer - Tomcat started on port 8080 (http) with context path '/'
2026-04-02 17:02:40.766 [main] INFO  [cid:none] c.m.a.AuthserviceApplication - Started AuthserviceApplication in 16.343 seconds (process running for 18.654)
2026-04-02 17:02:40.782 [main] INFO  [cid:none] o.a.coyote.http11.Http11NioProtocol - Starting ProtocolHandler ["http-nio-8080"]
2026-04-02 17:02:40.813 [main] INFO  [cid:none] o.s.boot.tomcat.TomcatWebServer - Tomcat started on port 8080 (http) with context path '/'
2026-04-02 17:02:40.833 [main] INFO  [cid:none] c.m.a.AuthserviceApplication - Started AuthserviceApplication in 16.447 seconds (process running for 18.625)
2026-04-02 17:06:16.919 [http-nio-8080-exec-1] INFO  [cid:none] o.a.c.c.C.[Tomcat].[localhost].[/] - Initializing Spring DispatcherServlet 'dispatcherServlet'
2026-04-02 17:06:16.920 [http-nio-8080-exec-1] INFO  [cid:none] o.s.web.servlet.DispatcherServlet - Initializing Servlet 'dispatcherServlet'
2026-04-02 17:06:16.923 [http-nio-8080-exec-1] INFO  [cid:none] o.s.web.servlet.DispatcherServlet - Completed initialization in 2 ms
2026-04-02 17:06:17.208 [http-nio-8080-exec-1] INFO  [cid:none] o.a.c.c.C.[Tomcat].[localhost].[/] - Initializing Spring DispatcherServlet 'dispatcherServlet'
2026-04-02 17:06:17.210 [http-nio-8080-exec-1] INFO  [cid:none] o.s.web.servlet.DispatcherServlet - Initializing Servlet 'dispatcherServlet'
2026-04-02 17:06:17.213 [http-nio-8080-exec-1] INFO  [cid:none] o.s.web.servlet.DispatcherServlet - Completed initialization in 3 ms
2026-04-02 17:06:18.453 [http-nio-8080-exec-3] INFO  [cid:c86f8a706b2eb26b3544fe6ea03290fb] o.s.api.AbstractOpenApiResource - Init duration for springdoc-openapi is: 766 ms
2026-04-02 17:06:31.888 [http-nio-8080-exec-8] INFO  [cid:c6e514f015d4d1f673d14f8fda451a4f] c.m.a.controller.AuthController - Login requested
2026-04-02 17:06:31.911 [http-nio-8080-exec-8] INFO  [cid:c6e514f015d4d1f673d14f8fda451a4f] c.m.authservice.service.AuthService - Login flow started for email=diag.user@mail.com
2026-04-02 17:06:32.816 [http-nio-8080-exec-8] INFO  [cid:c6e514f015d4d1f673d14f8fda451a4f] c.m.authservice.service.AuthService - Login successful for userId=2
2026-04-02 17:06:32.933 [http-nio-8080-exec-8] INFO  [cid:c6e514f015d4d1f673d14f8fda451a4f] c.m.a.controller.AuthController - Login completed for userId=2
2026-04-02 17:14:42.102 [http-nio-8080-exec-10] INFO  [cid:cf93281558040d881b50ab052f4c1ae7] c.m.a.controller.AuthController - Register requested
2026-04-02 17:14:42.104 [http-nio-8080-exec-10] INFO  [cid:cf93281558040d881b50ab052f4c1ae7] c.m.authservice.service.AuthService - Register flow started for email=string@strings.com
2026-04-02 17:14:42.192 [http-nio-8080-exec-10] INFO  [cid:cf93281558040d881b50ab052f4c1ae7] c.m.authservice.service.AuthService - User created with id=7 email=string@strings.com
2026-04-02 17:14:42.198 [http-nio-8080-exec-10] INFO  [cid:cf93281558040d881b50ab052f4c1ae7] c.m.a.controller.AuthController - Register completed for userId=7
2026-04-02 17:27:22.174 [http-nio-8080-exec-2] INFO  [cid:04b872436a1426736ec22c4031e5db0d] c.m.a.controller.AuthController - Login requested
2026-04-02 17:27:22.177 [http-nio-8080-exec-2] INFO  [cid:04b872436a1426736ec22c4031e5db0d] c.m.authservice.service.AuthService - Login flow started for email=diag.user@mail.com
2026-04-02 17:27:22.302 [http-nio-8080-exec-2] WARN  [cid:04b872436a1426736ec22c4031e5db0d] c.m.authservice.service.AuthService - Login failed due to invalid credentials for email=diag.user@mail.com
2026-04-02 17:27:22.316 [http-nio-8080-exec-2] WARN  [cid:04b872436a1426736ec22c4031e5db0d] c.m.a.exception.ApiExceptionHandler - Unauthorized handled: Invalid credentials
2026-04-02 17:29:02.303 [http-nio-8080-exec-4] INFO  [cid:330cb6c10939c2b29492676aa3c7e0e5] c.m.a.controller.AuthController - Login requested
2026-04-02 17:29:02.304 [http-nio-8080-exec-4] INFO  [cid:330cb6c10939c2b29492676aa3c7e0e5] c.m.authservice.service.AuthService - Login flow started for email=diag.user@mail.com
2026-04-02 17:29:02.368 [http-nio-8080-exec-4] WARN  [cid:330cb6c10939c2b29492676aa3c7e0e5] c.m.authservice.service.AuthService - Login failed due to invalid credentials for email=diag.user@mail.com
2026-04-02 17:29:02.370 [http-nio-8080-exec-4] WARN  [cid:330cb6c10939c2b29492676aa3c7e0e5] c.m.a.exception.ApiExceptionHandler - Unauthorized handled: Invalid credentials
2026-04-02 17:30:42.803 [http-nio-8080-exec-6] INFO  [cid:8e8c5681a475167f5e96e31192927f4b] c.m.a.controller.AuthController - Register requested
2026-04-02 17:30:42.805 [http-nio-8080-exec-6] INFO  [cid:8e8c5681a475167f5e96e31192927f4b] c.m.authservice.service.AuthService - Register flow started for email=check12345@mail.com
2026-04-02 17:30:42.935 [http-nio-8080-exec-6] INFO  [cid:8e8c5681a475167f5e96e31192927f4b] c.m.authservice.service.AuthService - User created with id=8 email=check12345@mail.com
2026-04-02 17:30:42.964 [http-nio-8080-exec-6] INFO  [cid:8e8c5681a475167f5e96e31192927f4b] c.m.a.controller.AuthController - Register completed for userId=8
